TN:
SF:/Users/simonbusch/code/white-hat-hacking/codehawks/math-test/lib/chimera/src/Asserts.sol
DA:1,0
end_of_record

SF:/Users/simonbusch/code/white-hat-hacking/codehawks/math-test/lib/chimera/src/BaseProperties.sol
end_of_record

SF:/Users/simonbusch/code/white-hat-hacking/codehawks/math-test/lib/chimera/src/BaseSetup.sol
end_of_record

SF:/Users/simonbusch/code/white-hat-hacking/codehawks/math-test/lib/chimera/src/BaseTargetFunctions.sol
end_of_record

SF:/Users/simonbusch/code/white-hat-hacking/codehawks/math-test/lib/chimera/src/CryticAsserts.sol
DA:6,0
end_of_record

SF:/Users/simonbusch/code/white-hat-hacking/codehawks/math-test/lib/chimera/src/Hevm.sol
end_of_record

SF:/Users/simonbusch/code/white-hat-hacking/codehawks/math-test/src/MathMasters.sol
DA:10,0
DA:35,3
DA:39,12
DA:40,3
DA:41,3
DA:43,5
DA:48,3
DA:52,14
DA:53,0
DA:54,0
DA:56,15
DA:57,13
DA:66,1
DA:69,1
DA:73,4
DA:74,8
DA:75,8
DA:77,8
DA:78,5
DA:81,8
DA:84,6
DA:85,6
DA:86,6
DA:87,6
DA:88,6
DA:89,6
DA:90,6
DA:95,8
end_of_record

SF:/Users/simonbusch/code/white-hat-hacking/codehawks/math-test/src/Wrapper.sol
DA:7,34
DA:9,0
DA:10,12
DA:11,5
DA:14,14
DA:15,7
DA:18,24
DA:19,4
end_of_record

SF:/Users/simonbusch/code/white-hat-hacking/codehawks/math-test/test/recon/BeforeAfter.sol
end_of_record

SF:/Users/simonbusch/code/white-hat-hacking/codehawks/math-test/test/recon/CryticTester.sol
DA:10,38
DA:12,0
end_of_record

SF:/Users/simonbusch/code/white-hat-hacking/codehawks/math-test/test/recon/Properties.sol
end_of_record

SF:/Users/simonbusch/code/white-hat-hacking/codehawks/math-test/test/recon/Setup.sol
DA:13,1
DA:15,0
DA:16,0
end_of_record

SF:/Users/simonbusch/code/white-hat-hacking/codehawks/math-test/test/recon/TargetFunctions.sol
DA:11,14
DA:12,87
DA:15,11
DA:16,16
DA:19,15
DA:20,72
end_of_record

