TN:
SF:/Users/simonbusch/code/white-hat-hacking/codehawks/math-test/lib/chimera/src/Asserts.sol
DA:1,0
end_of_record

SF:/Users/simonbusch/code/white-hat-hacking/codehawks/math-test/lib/chimera/src/BaseProperties.sol
end_of_record

SF:/Users/simonbusch/code/white-hat-hacking/codehawks/math-test/lib/chimera/src/BaseSetup.sol
end_of_record

SF:/Users/simonbusch/code/white-hat-hacking/codehawks/math-test/lib/chimera/src/BaseTargetFunctions.sol
end_of_record

SF:/Users/simonbusch/code/white-hat-hacking/codehawks/math-test/lib/chimera/src/CryticAsserts.sol
DA:6,0
end_of_record

SF:/Users/simonbusch/code/white-hat-hacking/codehawks/math-test/lib/chimera/src/Hevm.sol
end_of_record

SF:/Users/simonbusch/code/white-hat-hacking/codehawks/math-test/src/MathMasters.sol
DA:10,0
DA:35,3
DA:39,12
DA:40,3
DA:41,3
DA:43,5
DA:48,0
DA:52,0
DA:53,0
DA:54,0
DA:56,0
DA:57,0
DA:66,0
DA:69,0
DA:73,0
DA:74,0
DA:75,0
DA:77,0
DA:78,0
DA:81,0
DA:84,0
DA:85,0
DA:86,0
DA:87,0
DA:88,0
DA:89,0
DA:90,0
DA:95,0
end_of_record

SF:/Users/simonbusch/code/white-hat-hacking/codehawks/math-test/src/Wrapper.sol
DA:7,34
DA:9,0
DA:10,12
DA:11,5
DA:14,2
DA:15,2
DA:18,10
DA:19,0
end_of_record

SF:/Users/simonbusch/code/white-hat-hacking/codehawks/math-test/test/recon/BeforeAfter.sol
end_of_record

SF:/Users/simonbusch/code/white-hat-hacking/codehawks/math-test/test/recon/CryticTester.sol
DA:10,33
DA:12,0
end_of_record

SF:/Users/simonbusch/code/white-hat-hacking/codehawks/math-test/test/recon/Properties.sol
end_of_record

SF:/Users/simonbusch/code/white-hat-hacking/codehawks/math-test/test/recon/Setup.sol
DA:13,1
DA:15,0
DA:16,0
end_of_record

SF:/Users/simonbusch/code/white-hat-hacking/codehawks/math-test/test/recon/TargetFunctions.sol
DA:11,16
DA:12,83
end_of_record

